<?xml version="1.0" encoding="UTF-8"?>
<!-- Generated by org.testng.reporters.JUnitReportReporter -->
<testsuite hostname="ANIL-PC" name="main.CucumberRunner" tests="2" failures="0" timestamp="11 Jan 2020 13:44:01 GMT" time="11.933" errors="0">
  <testcase name="feature" time="4.862" classname="main.CucumberRunner"/>
  <testcase name="feature" time="7.071" classname="main.CucumberRunner"/>
</testsuite> <!-- main.CucumberRunner -->
