<?xml version="1.0" encoding="UTF-8"?>
<!-- Generated by org.testng.reporters.JUnitReportReporter -->
<testsuite hostname="ANIL-PC" name="main.CucumberRunner" tests="2" failures="0" timestamp="25 Jan 2020 09:50:09 GMT" time="18.447" errors="0">
  <testcase name="feature" time="8.925" classname="main.CucumberRunner"/>
  <testcase name="feature" time="9.522" classname="main.CucumberRunner"/>
</testsuite> <!-- main.CucumberRunner -->
